Change Component Designator: Old Designator=C? New Designator=C1
Change Component Designator: Old Designator=C? New Designator=C2
Change Component Designator: Old Designator=KG? New Designator=KG1
Change Component Designator: Old Designator=R? New Designator=R3
Change Component Designator: Old Designator=R? New Designator=R4
Change Component Designator: Old Designator=U1 New Designator=U3
Change Component Designator: Old Designator=U2 New Designator=U4
Change Component Designator: Old Designator=U3 New Designator=U5
Change Component Designator: Old Designator=U4 New Designator=U6
Change Component Designator: Old Designator=U4 New Designator=U6
Change Component Designator: Old Designator=U4 New Designator=U6
Change Component Designator: Old Designator=U4 New Designator=U6
Change Component Designator: Old Designator=U5 New Designator=U2
Change Component Part ID : Designator=U2 Old Part ID =1 New Part ID =2
Change Component Designator: Old Designator=U5 New Designator=U2
Change Component Part ID : Designator=U2 Old Part ID =2 New Part ID =1
Change Component Designator: Old Designator=U5 New Designator=U2
Change Component Designator: Old Designator=U5 New Designator=U2
Change Component Designator: Old Designator=U6 New Designator=U7
Change Component Designator: Old Designator=U7 New Designator=U8
Change Component Designator: Old Designator=U8 New Designator=U9
Change Component Designator: Old Designator=U9 New Designator=U10
Change Component Designator: Old Designator=U10 New Designator=U12
Change Component Designator: Old Designator=U11 New Designator=U13
Change Component Designator: Old Designator=U? New Designator=U11
Change Component Designator: Old Designator=U? New Designator=U1
