Added Component: Designator=C1(CAPR5-4X5)
Add component. Clean all parameters for all variants
Add component (AddParameter): Name = "PackageDescription"; Value = "Capacitor; 2 Leads"; VariantName = "[No Variations]"
Add component (AddParameter): Name = "PackageReference"; Value = "CAPR5-4X5"; VariantName = "[No Variations]"
Add component (AddParameter): Name = "Published"; Value = "23-Sep-2002"; VariantName = "[No Variations]"
Add component (AddParameter): Name = "Publisher"; Value = "Altium Limited"; VariantName = "[No Variations]"
Add component (AddParameter): Name = "Value"; Value = "100pF"; VariantName = "[No Variations]"
Added Component: Designator=C2(CAPR5-4X5)
Add component. Clean all parameters for all variants
Add component (AddParameter): Name = "PackageDescription"; Value = "Capacitor; 2 Leads"; VariantName = "[No Variations]"
Add component (AddParameter): Name = "PackageReference"; Value = "CAPR5-4X5"; VariantName = "[No Variations]"
Add component (AddParameter): Name = "Published"; Value = "23-Sep-2002"; VariantName = "[No Variations]"
Add component (AddParameter): Name = "Publisher"; Value = "Altium Limited"; VariantName = "[No Variations]"
Add component (AddParameter): Name = "Value"; Value = "100pF"; VariantName = "[No Variations]"
Added Component: Designator=C3(CAPR5-4X5)
Add component. Clean all parameters for all variants
Add component (AddParameter): Name = "PackageDescription"; Value = "Capacitor; 2 Leads"; VariantName = "[No Variations]"
Add component (AddParameter): Name = "PackageReference"; Value = "CAPR5-4X5"; VariantName = "[No Variations]"
Add component (AddParameter): Name = "Published"; Value = "23-Sep-2002"; VariantName = "[No Variations]"
Add component (AddParameter): Name = "Publisher"; Value = "Altium Limited"; VariantName = "[No Variations]"
Add component (AddParameter): Name = "Value"; Value = "100pF"; VariantName = "[No Variations]"
Added Component: Designator=C4(CAPR5-4X5)
Add component. Clean all parameters for all variants
Add component (AddParameter): Name = "PackageDescription"; Value = "Capacitor; 2 Leads"; VariantName = "[No Variations]"
Add component (AddParameter): Name = "PackageReference"; Value = "CAPR5-4X5"; VariantName = "[No Variations]"
Add component (AddParameter): Name = "Published"; Value = "23-Sep-2002"; VariantName = "[No Variations]"
Add component (AddParameter): Name = "Publisher"; Value = "Altium Limited"; VariantName = "[No Variations]"
Add component (AddParameter): Name = "Value"; Value = "100pF"; VariantName = "[No Variations]"
Added Component: Designator=D1(DO-35)
Add component. Clean all parameters for all variants
Add component (AddParameter): Name = "Code_JEDEC"; Value = "DO-204-AH"; VariantName = "[No Variations]"
Add component (AddParameter): Name = "ComponentLink1Description"; Value = "Manufacturer Link"; VariantName = "[No Variations]"
Add component (AddParameter): Name = "ComponentLink1URL"; Value = "http://www.fairchildsemi.com/"; VariantName = "[No Variations]"
Add component (AddParameter): Name = "ComponentLink2Description"; Value = "Datasheet"; VariantName = "[No Variations]"
Add component (AddParameter): Name = "ComponentLink2URL"; Value = "http://www.fairchildsemi.com/ds/1N%2F1N4148.pdf"; VariantName = "[No Variations]"
Add component (AddParameter): Name = "DatasheetVersion"; Value = "1997"; VariantName = "[No Variations]"
Add component (AddParameter): Name = "LatestRevisionDate"; Value = "17-Jul-2002"; VariantName = "[No Variations]"
Add component (AddParameter): Name = "LatestRevisionNote"; Value = "Re-released for DXP Platform."; VariantName = "[No Variations]"
Add component (AddParameter): Name = "PackageDescription"; Value = "Diode, Axial; Body 3.8 x 1.9 mm (LxDia. max), Lead Dia. 0.53 mm (max)"; VariantName = "[No Variations]"
Add component (AddParameter): Name = "PackageReference"; Value = "DO-35"; VariantName = "[No Variations]"
Add component (AddParameter): Name = "Published"; Value = "8-Jun-2000"; VariantName = "[No Variations]"
Add component (AddParameter): Name = "Publisher"; Value = "Altium Limited"; VariantName = "[No Variations]"
Added Component: Designator=DS1(0.56 一位共阳数码管)
Add component. Clean all parameters for all variants
Added Component: Designator=DS2(0.56 一位共阳数码管)
Add component. Clean all parameters for all variants
Added Component: Designator=DS3(0.56 一位共阳数码管)
Add component. Clean all parameters for all variants
Added Component: Designator=KG1(7*7 自锁开关)
Add component. Clean all parameters for all variants
Added Component: Designator=P1(DG1282-5.0)
Add component. Clean all parameters for all variants
Add component (AddParameter): Name = "LatestRevisionDate"; Value = "17-Jul-2002"; VariantName = "[No Variations]"
Add component (AddParameter): Name = "LatestRevisionNote"; Value = "Re-released for DXP Platform."; VariantName = "[No Variations]"
Add component (AddParameter): Name = "Publisher"; Value = "Altium Limited"; VariantName = "[No Variations]"
Added Component: Designator=P2(HDR1X5)
Add component. Clean all parameters for all variants
Add component (AddParameter): Name = "LatestRevisionDate"; Value = "17-Jul-2002"; VariantName = "[No Variations]"
Add component (AddParameter): Name = "LatestRevisionNote"; Value = "Re-released for DXP Platform."; VariantName = "[No Variations]"
Add component (AddParameter): Name = "Publisher"; Value = "Altium Limited"; VariantName = "[No Variations]"
Added Component: Designator=R1(AXIAL0.4)
Add component. Clean all parameters for all variants
Added Component: Designator=R2(AXIAL0.4)
Add component. Clean all parameters for all variants
Added Component: Designator=R3(AXIAL0.4)
Add component. Clean all parameters for all variants
Added Component: Designator=R4(AXIAL-0.3)
Add component. Clean all parameters for all variants
Add component (AddParameter): Name = "LatestRevisionDate"; Value = "17-Jul-2002"; VariantName = "[No Variations]"
Add component (AddParameter): Name = "LatestRevisionNote"; Value = "Re-released for DXP Platform."; VariantName = "[No Variations]"
Add component (AddParameter): Name = "PackageDescription"; Value = "Axial Device, Thru-Hole; 2 Leads; 0.3 in Pin Spacing"; VariantName = "[No Variations]"
Add component (AddParameter): Name = "PackageReference"; Value = "AXIAL-0.3"; VariantName = "[No Variations]"
Add component (AddParameter): Name = "Published"; Value = "8-Jun-2000"; VariantName = "[No Variations]"
Add component (AddParameter): Name = "Publisher"; Value = "Altium Limited"; VariantName = "[No Variations]"
Add component (AddParameter): Name = "Value"; Value = "1K"; VariantName = "[No Variations]"
Added Component: Designator=R5(VR5)
Add component. Clean all parameters for all variants
Add component (AddParameter): Name = "LatestRevisionDate"; Value = "17-Jul-2002"; VariantName = "[No Variations]"
Add component (AddParameter): Name = "LatestRevisionNote"; Value = "Re-released for DXP Platform."; VariantName = "[No Variations]"
Add component (AddParameter): Name = "PackageDescription"; Value = "Variable Resistor, Thru-Hole; 3 Leads"; VariantName = "[No Variations]"
Add component (AddParameter): Name = "PackageReference"; Value = "VR5"; VariantName = "[No Variations]"
Add component (AddParameter): Name = "Published"; Value = "8-Jun-2000"; VariantName = "[No Variations]"
Add component (AddParameter): Name = "Publisher"; Value = "Altium Limited"; VariantName = "[No Variations]"
Add component (AddParameter): Name = "Set Position"; Value = "0.5"; VariantName = "[No Variations]"
Add component (AddParameter): Name = "Sim Note"; Value = "Enter the Resistance value and the set point into parameter fields."; VariantName = "[No Variations]"
Add component (AddParameter): Name = "Value"; Value = "1K"; VariantName = "[No Variations]"
Added Component: Designator=R6(AXIAL-0.3)
Add component. Clean all parameters for all variants
Add component (AddParameter): Name = "LatestRevisionDate"; Value = "17-Jul-2002"; VariantName = "[No Variations]"
Add component (AddParameter): Name = "LatestRevisionNote"; Value = "Re-released for DXP Platform."; VariantName = "[No Variations]"
Add component (AddParameter): Name = "PackageDescription"; Value = "Axial Device, Thru-Hole; 2 Leads; 0.3 in Pin Spacing"; VariantName = "[No Variations]"
Add component (AddParameter): Name = "PackageReference"; Value = "AXIAL-0.3"; VariantName = "[No Variations]"
Add component (AddParameter): Name = "Published"; Value = "8-Jun-2000"; VariantName = "[No Variations]"
Add component (AddParameter): Name = "Publisher"; Value = "Altium Limited"; VariantName = "[No Variations]"
Add component (AddParameter): Name = "Value"; Value = "1K"; VariantName = "[No Variations]"
Added Component: Designator=R7(VR5)
Add component. Clean all parameters for all variants
Add component (AddParameter): Name = "LatestRevisionDate"; Value = "17-Jul-2002"; VariantName = "[No Variations]"
Add component (AddParameter): Name = "LatestRevisionNote"; Value = "Re-released for DXP Platform."; VariantName = "[No Variations]"
Add component (AddParameter): Name = "PackageDescription"; Value = "Variable Resistor, Thru-Hole; 3 Leads"; VariantName = "[No Variations]"
Add component (AddParameter): Name = "PackageReference"; Value = "VR5"; VariantName = "[No Variations]"
Add component (AddParameter): Name = "Published"; Value = "8-Jun-2000"; VariantName = "[No Variations]"
Add component (AddParameter): Name = "Publisher"; Value = "Altium Limited"; VariantName = "[No Variations]"
Add component (AddParameter): Name = "Set Position"; Value = "0.5"; VariantName = "[No Variations]"
Add component (AddParameter): Name = "Sim Note"; Value = "Enter the Resistance value and the set point into parameter fields."; VariantName = "[No Variations]"
Add component (AddParameter): Name = "Value"; Value = "1K"; VariantName = "[No Variations]"
Added Component: Designator=R8(AXIAL-0.3)
Add component. Clean all parameters for all variants
Add component (AddParameter): Name = "LatestRevisionDate"; Value = "17-Jul-2002"; VariantName = "[No Variations]"
Add component (AddParameter): Name = "LatestRevisionNote"; Value = "Re-released for DXP Platform."; VariantName = "[No Variations]"
Add component (AddParameter): Name = "PackageDescription"; Value = "Axial Device, Thru-Hole; 2 Leads; 0.3 in Pin Spacing"; VariantName = "[No Variations]"
Add component (AddParameter): Name = "PackageReference"; Value = "AXIAL-0.3"; VariantName = "[No Variations]"
Add component (AddParameter): Name = "Published"; Value = "8-Jun-2000"; VariantName = "[No Variations]"
Add component (AddParameter): Name = "Publisher"; Value = "Altium Limited"; VariantName = "[No Variations]"
Add component (AddParameter): Name = "Value"; Value = "1K"; VariantName = "[No Variations]"
Added Component: Designator=R9(AXIAL-0.3)
Add component. Clean all parameters for all variants
Add component (AddParameter): Name = "LatestRevisionDate"; Value = "17-Jul-2002"; VariantName = "[No Variations]"
Add component (AddParameter): Name = "LatestRevisionNote"; Value = "Re-released for DXP Platform."; VariantName = "[No Variations]"
Add component (AddParameter): Name = "PackageDescription"; Value = "Axial Device, Thru-Hole; 2 Leads; 0.3 in Pin Spacing"; VariantName = "[No Variations]"
Add component (AddParameter): Name = "PackageReference"; Value = "AXIAL-0.3"; VariantName = "[No Variations]"
Add component (AddParameter): Name = "Published"; Value = "8-Jun-2000"; VariantName = "[No Variations]"
Add component (AddParameter): Name = "Publisher"; Value = "Altium Limited"; VariantName = "[No Variations]"
Add component (AddParameter): Name = "Value"; Value = "1K"; VariantName = "[No Variations]"
Added Component: Designator=R10(AXIAL-0.3)
Add component. Clean all parameters for all variants
Add component (AddParameter): Name = "LatestRevisionDate"; Value = "17-Jul-2002"; VariantName = "[No Variations]"
Add component (AddParameter): Name = "LatestRevisionNote"; Value = "Re-released for DXP Platform."; VariantName = "[No Variations]"
Add component (AddParameter): Name = "PackageDescription"; Value = "Axial Device, Thru-Hole; 2 Leads; 0.3 in Pin Spacing"; VariantName = "[No Variations]"
Add component (AddParameter): Name = "PackageReference"; Value = "AXIAL-0.3"; VariantName = "[No Variations]"
Add component (AddParameter): Name = "Published"; Value = "8-Jun-2000"; VariantName = "[No Variations]"
Add component (AddParameter): Name = "Publisher"; Value = "Altium Limited"; VariantName = "[No Variations]"
Add component (AddParameter): Name = "Value"; Value = "1K"; VariantName = "[No Variations]"
Added Component: Designator=R11(VR5)
Add component. Clean all parameters for all variants
Add component (AddParameter): Name = "LatestRevisionDate"; Value = "17-Jul-2002"; VariantName = "[No Variations]"
Add component (AddParameter): Name = "LatestRevisionNote"; Value = "Re-released for DXP Platform."; VariantName = "[No Variations]"
Add component (AddParameter): Name = "PackageDescription"; Value = "Variable Resistor, Thru-Hole; 3 Leads"; VariantName = "[No Variations]"
Add component (AddParameter): Name = "PackageReference"; Value = "VR5"; VariantName = "[No Variations]"
Add component (AddParameter): Name = "Published"; Value = "8-Jun-2000"; VariantName = "[No Variations]"
Add component (AddParameter): Name = "Publisher"; Value = "Altium Limited"; VariantName = "[No Variations]"
Add component (AddParameter): Name = "Set Position"; Value = "0.5"; VariantName = "[No Variations]"
Add component (AddParameter): Name = "Sim Note"; Value = "Enter the Resistance value and the set point into parameter fields."; VariantName = "[No Variations]"
Add component (AddParameter): Name = "Value"; Value = "1K"; VariantName = "[No Variations]"
Added Component: Designator=R12(AXIAL-0.3)
Add component. Clean all parameters for all variants
Add component (AddParameter): Name = "LatestRevisionDate"; Value = "17-Jul-2002"; VariantName = "[No Variations]"
Add component (AddParameter): Name = "LatestRevisionNote"; Value = "Re-released for DXP Platform."; VariantName = "[No Variations]"
Add component (AddParameter): Name = "PackageDescription"; Value = "Axial Device, Thru-Hole; 2 Leads; 0.3 in Pin Spacing"; VariantName = "[No Variations]"
Add component (AddParameter): Name = "PackageReference"; Value = "AXIAL-0.3"; VariantName = "[No Variations]"
Add component (AddParameter): Name = "Published"; Value = "8-Jun-2000"; VariantName = "[No Variations]"
Add component (AddParameter): Name = "Publisher"; Value = "Altium Limited"; VariantName = "[No Variations]"
Add component (AddParameter): Name = "Value"; Value = "1K"; VariantName = "[No Variations]"
Added Component: Designator=T1(SIP1-1*1)
Add component. Clean all parameters for all variants
Added Component: Designator=T2(SIP1-1*1)
Add component. Clean all parameters for all variants
Added Component: Designator=T3(SIP1-1*1)
Add component. Clean all parameters for all variants
Added Component: Designator=T4(SIP1-1*1)
Add component. Clean all parameters for all variants
Added Component: Designator=T5(SIP1-1*1)
Add component. Clean all parameters for all variants
Added Component: Designator=T6(SIP1-1*1)
Add component. Clean all parameters for all variants
Added Component: Designator=U1(DIP-14)
Add component. Clean all parameters for all variants
Added Component: Designator=U2(DIP-14)
Add component. Clean all parameters for all variants
Added Component: Designator=U3(DIP-16)
Add component. Clean all parameters for all variants
Added Component: Designator=U4(DIP20-300)
Add component. Clean all parameters for all variants
Added Component: Designator=U5(DIP-16)
Add component. Clean all parameters for all variants
Added Component: Designator=U6(DIP-16)
Add component. Clean all parameters for all variants
Added Component: Designator=U7(DIP-16)
Add component. Clean all parameters for all variants
Added Component: Designator=U8(DIP-16)
Add component. Clean all parameters for all variants
Added Component: Designator=U9(DIP20-300)
Add component. Clean all parameters for all variants
Added Component: Designator=U10(DIP-14)
Add component. Clean all parameters for all variants
Added Component: Designator=U11(DIP-16)
Add component. Clean all parameters for all variants
Added Component: Designator=U12(DIP-16)
Add component. Clean all parameters for all variants
Added Component: Designator=U13(DIP8)
Add component. Clean all parameters for all variants
Added Component: Designator=U14(DIP8)
Add component. Clean all parameters for all variants
Added Pin To Net: NetName=CLK Pin=T5-1
Added Pin To Net: NetName=CLK Pin=U10-1
Added Pin To Net: NetName=CLK Pin=U13-3
Added Net: Name=CLK
Added Pin To Net: NetName=GND Pin=C1-2
Added Pin To Net: NetName=GND Pin=C2-2
Added Pin To Net: NetName=GND Pin=C3-2
Added Pin To Net: NetName=GND Pin=C4-2
Added Pin To Net: NetName=GND Pin=P1-1
Added Pin To Net: NetName=GND Pin=P2-1
Added Pin To Net: NetName=GND Pin=P2-2
Added Pin To Net: NetName=GND Pin=R4-1
Added Pin To Net: NetName=GND Pin=R9-2
Added Pin To Net: NetName=GND Pin=R10-2
Added Pin To Net: NetName=GND Pin=U1-7
Added Pin To Net: NetName=GND Pin=U2-7
Added Pin To Net: NetName=GND Pin=U3-3
Added Pin To Net: NetName=GND Pin=U3-4
Added Pin To Net: NetName=GND Pin=U3-5
Added Pin To Net: NetName=GND Pin=U3-6
Added Pin To Net: NetName=GND Pin=U3-8
Added Pin To Net: NetName=GND Pin=U4-10
Added Pin To Net: NetName=GND Pin=U4-11
Added Pin To Net: NetName=GND Pin=U5-8
Added Pin To Net: NetName=GND Pin=U6-8
Added Pin To Net: NetName=GND Pin=U7-8
Added Pin To Net: NetName=GND Pin=U8-3
Added Pin To Net: NetName=GND Pin=U8-4
Added Pin To Net: NetName=GND Pin=U8-5
Added Pin To Net: NetName=GND Pin=U8-6
Added Pin To Net: NetName=GND Pin=U8-8
Added Pin To Net: NetName=GND Pin=U9-10
Added Pin To Net: NetName=GND Pin=U9-11
Added Pin To Net: NetName=GND Pin=U10-7
Added Pin To Net: NetName=GND Pin=U11-8
Added Pin To Net: NetName=GND Pin=U11-13
Added Pin To Net: NetName=GND Pin=U12-3
Added Pin To Net: NetName=GND Pin=U12-4
Added Pin To Net: NetName=GND Pin=U12-5
Added Pin To Net: NetName=GND Pin=U12-6
Added Pin To Net: NetName=GND Pin=U12-8
Added Pin To Net: NetName=GND Pin=U13-1
Added Pin To Net: NetName=GND Pin=U14-1
Added Net: Name=GND
Added Pin To Net: NetName=NetC1_1 Pin=C1-1
Added Pin To Net: NetName=NetC1_1 Pin=R11-3
Added Pin To Net: NetName=NetC1_1 Pin=U13-2
Added Pin To Net: NetName=NetC1_1 Pin=U13-6
Added Net: Name=NetC1_1
Added Pin To Net: NetName=NetC2_1 Pin=C2-1
Added Pin To Net: NetName=NetC2_1 Pin=U13-5
Added Net: Name=NetC2_1
Added Pin To Net: NetName=NetC3_1 Pin=C3-1
Added Pin To Net: NetName=NetC3_1 Pin=R12-2
Added Pin To Net: NetName=NetC3_1 Pin=U14-2
Added Pin To Net: NetName=NetC3_1 Pin=U14-6
Added Net: Name=NetC3_1
Added Pin To Net: NetName=NetC4_1 Pin=C4-1
Added Pin To Net: NetName=NetC4_1 Pin=U14-5
Added Net: Name=NetC4_1
Added Pin To Net: NetName=NetD1_1 Pin=D1-1
Added Pin To Net: NetName=NetD1_1 Pin=R7-2
Added Pin To Net: NetName=NetD1_1 Pin=U14-7
Added Net: Name=NetD1_1
Added Pin To Net: NetName=NetD1_2 Pin=D1-2
Added Pin To Net: NetName=NetD1_2 Pin=R7-1
Added Pin To Net: NetName=NetD1_2 Pin=R12-1
Added Net: Name=NetD1_2
Added Pin To Net: NetName=NetDS1_1 Pin=DS1-1
Added Pin To Net: NetName=NetDS1_1 Pin=DS1-6
Added Pin To Net: NetName=NetDS1_1 Pin=R1-1
Added Net: Name=NetDS1_1
Added Pin To Net: NetName=NetDS1_2 Pin=DS1-2
Added Pin To Net: NetName=NetDS1_2 Pin=U5-15
Added Net: Name=NetDS1_2
Added Pin To Net: NetName=NetDS1_3 Pin=DS1-3
Added Pin To Net: NetName=NetDS1_3 Pin=U5-14
Added Net: Name=NetDS1_3
Added Pin To Net: NetName=NetDS1_4 Pin=DS1-4
Added Pin To Net: NetName=NetDS1_4 Pin=U5-9
Added Net: Name=NetDS1_4
Added Pin To Net: NetName=NetDS1_5 Pin=DS1-5
Added Pin To Net: NetName=NetDS1_5 Pin=U5-10
Added Net: Name=NetDS1_5
Added Pin To Net: NetName=NetDS1_8 Pin=DS1-8
Added Pin To Net: NetName=NetDS1_8 Pin=U5-11
Added Net: Name=NetDS1_8
Added Pin To Net: NetName=NetDS1_9 Pin=DS1-9
Added Pin To Net: NetName=NetDS1_9 Pin=U5-12
Added Net: Name=NetDS1_9
Added Pin To Net: NetName=NetDS1_10 Pin=DS1-10
Added Pin To Net: NetName=NetDS1_10 Pin=U5-13
Added Net: Name=NetDS1_10
Added Pin To Net: NetName=NetDS2_1 Pin=DS2-1
Added Pin To Net: NetName=NetDS2_1 Pin=DS2-6
Added Pin To Net: NetName=NetDS2_1 Pin=R2-1
Added Net: Name=NetDS2_1
Added Pin To Net: NetName=NetDS2_2 Pin=DS2-2
Added Pin To Net: NetName=NetDS2_2 Pin=U6-15
Added Net: Name=NetDS2_2
Added Pin To Net: NetName=NetDS2_3 Pin=DS2-3
Added Pin To Net: NetName=NetDS2_3 Pin=U6-14
Added Net: Name=NetDS2_3
Added Pin To Net: NetName=NetDS2_4 Pin=DS2-4
Added Pin To Net: NetName=NetDS2_4 Pin=U6-9
Added Net: Name=NetDS2_4
Added Pin To Net: NetName=NetDS2_5 Pin=DS2-5
Added Pin To Net: NetName=NetDS2_5 Pin=U6-10
Added Net: Name=NetDS2_5
Added Pin To Net: NetName=NetDS2_8 Pin=DS2-8
Added Pin To Net: NetName=NetDS2_8 Pin=U6-11
Added Net: Name=NetDS2_8
Added Pin To Net: NetName=NetDS2_9 Pin=DS2-9
Added Pin To Net: NetName=NetDS2_9 Pin=U6-12
Added Net: Name=NetDS2_9
Added Pin To Net: NetName=NetDS2_10 Pin=DS2-10
Added Pin To Net: NetName=NetDS2_10 Pin=U6-13
Added Net: Name=NetDS2_10
Added Pin To Net: NetName=NetDS3_1 Pin=DS3-1
Added Pin To Net: NetName=NetDS3_1 Pin=DS3-6
Added Pin To Net: NetName=NetDS3_1 Pin=R3-1
Added Net: Name=NetDS3_1
Added Pin To Net: NetName=NetDS3_2 Pin=DS3-2
Added Pin To Net: NetName=NetDS3_2 Pin=U7-15
Added Net: Name=NetDS3_2
Added Pin To Net: NetName=NetDS3_3 Pin=DS3-3
Added Pin To Net: NetName=NetDS3_3 Pin=U7-14
Added Net: Name=NetDS3_3
Added Pin To Net: NetName=NetDS3_4 Pin=DS3-4
Added Pin To Net: NetName=NetDS3_4 Pin=U7-9
Added Net: Name=NetDS3_4
Added Pin To Net: NetName=NetDS3_5 Pin=DS3-5
Added Pin To Net: NetName=NetDS3_5 Pin=U7-10
Added Net: Name=NetDS3_5
Added Pin To Net: NetName=NetDS3_8 Pin=DS3-8
Added Pin To Net: NetName=NetDS3_8 Pin=U7-11
Added Net: Name=NetDS3_8
Added Pin To Net: NetName=NetDS3_9 Pin=DS3-9
Added Pin To Net: NetName=NetDS3_9 Pin=U7-12
Added Net: Name=NetDS3_9
Added Pin To Net: NetName=NetDS3_10 Pin=DS3-10
Added Pin To Net: NetName=NetDS3_10 Pin=U7-13
Added Net: Name=NetDS3_10
Added Pin To Net: NetName=NetKG1_6 Pin=KG1-6
Added Pin To Net: NetName=NetKG1_6 Pin=R4-2
Added Pin To Net: NetName=NetKG1_6 Pin=U4-1
Added Pin To Net: NetName=NetKG1_6 Pin=U9-1
Added Net: Name=NetKG1_6
Added Pin To Net: NetName=NetR5_1 Pin=R5-1
Added Pin To Net: NetName=NetR5_1 Pin=R7-3
Added Net: Name=NetR5_1
Added Pin To Net: NetName=NetR6_1 Pin=R6-1
Added Pin To Net: NetName=NetR6_1 Pin=R11-1
Added Pin To Net: NetName=NetR6_1 Pin=R11-2
Added Pin To Net: NetName=NetR6_1 Pin=U13-7
Added Net: Name=NetR6_1
Added Pin To Net: NetName=NetR8_2 Pin=R8-2
Added Pin To Net: NetName=NetR8_2 Pin=T6-1
Added Pin To Net: NetName=NetR8_2 Pin=U14-3
Added Net: Name=NetR8_2
Added Pin To Net: NetName=NetT1_1 Pin=T1-1
Added Pin To Net: NetName=NetT1_1 Pin=U1-6
Added Pin To Net: NetName=NetT1_1 Pin=U3-1
Added Net: Name=NetT1_1
Added Pin To Net: NetName=NetT2_1 Pin=T2-1
Added Pin To Net: NetName=NetT2_1 Pin=U1-8
Added Pin To Net: NetName=NetT2_1 Pin=U8-1
Added Net: Name=NetT2_1
Added Pin To Net: NetName=NetT3_1 Pin=T3-1
Added Pin To Net: NetName=NetT3_1 Pin=U11-11
Added Pin To Net: NetName=NetT3_1 Pin=U12-2
Added Net: Name=NetT3_1
Added Pin To Net: NetName=NetU1_4 Pin=U1-4
Added Pin To Net: NetName=NetU1_4 Pin=U2-3
Added Net: Name=NetU1_4
Added Pin To Net: NetName=NetU1_5 Pin=U1-5
Added Pin To Net: NetName=NetU1_5 Pin=U1-10
Added Pin To Net: NetName=NetU1_5 Pin=U1-13
Added Pin To Net: NetName=NetU1_5 Pin=U2-6
Added Net: Name=NetU1_5
Added Pin To Net: NetName=NetU1_9 Pin=U1-9
Added Pin To Net: NetName=NetU1_9 Pin=U2-8
Added Pin To Net: NetName=NetU1_9 Pin=U3-2
Added Net: Name=NetU1_9
Added Pin To Net: NetName=NetU1_11 Pin=U1-11
Added Pin To Net: NetName=NetU1_11 Pin=U12-1
Added Net: Name=NetU1_11
Added Pin To Net: NetName=NetU1_12 Pin=U1-12
Added Pin To Net: NetName=NetU1_12 Pin=U2-11
Added Pin To Net: NetName=NetU1_12 Pin=U8-2
Added Net: Name=NetU1_12
Added Pin To Net: NetName=NetU2_1 Pin=U2-1
Added Pin To Net: NetName=NetU2_1 Pin=U3-13
Added Pin To Net: NetName=NetU2_1 Pin=U4-3
Added Net: Name=NetU2_1
Added Pin To Net: NetName=NetU2_2 Pin=U2-2
Added Pin To Net: NetName=NetU2_2 Pin=U3-11
Added Pin To Net: NetName=NetU2_2 Pin=U4-5
Added Net: Name=NetU2_2
Added Pin To Net: NetName=NetU2_9 Pin=U2-9
Added Pin To Net: NetName=NetU2_9 Pin=U4-7
Added Pin To Net: NetName=NetU2_9 Pin=U8-13
Added Net: Name=NetU2_9
Added Pin To Net: NetName=NetU2_10 Pin=U2-10
Added Pin To Net: NetName=NetU2_10 Pin=U4-9
Added Pin To Net: NetName=NetU2_10 Pin=U8-11
Added Net: Name=NetU2_10
Added Pin To Net: NetName=NetU2_12 Pin=U2-12
Added Pin To Net: NetName=NetU2_12 Pin=U9-3
Added Pin To Net: NetName=NetU2_12 Pin=U12-13
Added Net: Name=NetU2_12
Added Pin To Net: NetName=NetU2_13 Pin=U2-13
Added Pin To Net: NetName=NetU2_13 Pin=U9-5
Added Pin To Net: NetName=NetU2_13 Pin=U12-11
Added Net: Name=NetU2_13
Added Pin To Net: NetName=NetU3_12 Pin=U3-12
Added Pin To Net: NetName=NetU3_12 Pin=U4-4
Added Net: Name=NetU3_12
Added Pin To Net: NetName=NetU3_14 Pin=U3-14
Added Pin To Net: NetName=NetU3_14 Pin=U4-2
Added Net: Name=NetU3_14
Added Pin To Net: NetName=NetU4_6 Pin=U4-6
Added Pin To Net: NetName=NetU4_6 Pin=U8-14
Added Net: Name=NetU4_6
Added Pin To Net: NetName=NetU4_8 Pin=U4-8
Added Pin To Net: NetName=NetU4_8 Pin=U8-12
Added Net: Name=NetU4_8
Added Pin To Net: NetName=NetU9_2 Pin=U9-2
Added Pin To Net: NetName=NetU9_2 Pin=U12-14
Added Net: Name=NetU9_2
Added Pin To Net: NetName=NetU9_4 Pin=U9-4
Added Pin To Net: NetName=NetU9_4 Pin=U12-12
Added Net: Name=NetU9_4
Added Pin To Net: NetName=NetU10_3 Pin=U10-3
Added Pin To Net: NetName=NetU10_3 Pin=U11-14
Added Net: Name=NetU10_3
Added Pin To Net: NetName=Q1 Pin=U4-19
Added Pin To Net: NetName=Q1 Pin=U5-7
Added Net: Name=Q1
Added Pin To Net: NetName=Q2 Pin=U4-18
Added Pin To Net: NetName=Q2 Pin=U5-1
Added Net: Name=Q2
Added Pin To Net: NetName=Q3 Pin=U4-17
Added Pin To Net: NetName=Q3 Pin=U5-2
Added Net: Name=Q3
Added Pin To Net: NetName=Q4 Pin=U4-16
Added Pin To Net: NetName=Q4 Pin=U5-6
Added Net: Name=Q4
Added Pin To Net: NetName=Q5 Pin=U4-15
Added Pin To Net: NetName=Q5 Pin=U6-7
Added Net: Name=Q5
Added Pin To Net: NetName=Q6 Pin=U4-14
Added Pin To Net: NetName=Q6 Pin=U6-1
Added Net: Name=Q6
Added Pin To Net: NetName=Q7 Pin=U4-13
Added Pin To Net: NetName=Q7 Pin=U6-2
Added Net: Name=Q7
Added Pin To Net: NetName=Q8 Pin=U4-12
Added Pin To Net: NetName=Q8 Pin=U6-6
Added Net: Name=Q8
Added Pin To Net: NetName=Q9 Pin=U7-7
Added Pin To Net: NetName=Q9 Pin=U9-19
Added Net: Name=Q9
Added Pin To Net: NetName=Q10 Pin=U7-1
Added Pin To Net: NetName=Q10 Pin=U9-18
Added Net: Name=Q10
Added Pin To Net: NetName=Q11 Pin=U7-2
Added Pin To Net: NetName=Q11 Pin=U9-17
Added Net: Name=Q11
Added Pin To Net: NetName=Q12 Pin=U7-6
Added Pin To Net: NetName=Q12 Pin=U9-16
Added Net: Name=Q12
Added Pin To Net: NetName=START Pin=P2-4
Added Pin To Net: NetName=START Pin=R8-1
Added Pin To Net: NetName=START Pin=R10-1
Added Pin To Net: NetName=START Pin=U2-5
Added Pin To Net: NetName=START Pin=U11-15
Added Net: Name=START
Added Pin To Net: NetName=TRG Pin=KG1-5
Added Pin To Net: NetName=TRG Pin=P2-3
Added Pin To Net: NetName=TRG Pin=R9-1
Added Pin To Net: NetName=TRG Pin=T4-1
Added Pin To Net: NetName=TRG Pin=U10-2
Added Net: Name=TRG
Added Pin To Net: NetName=VCC Pin=P1-2
Added Pin To Net: NetName=VCC Pin=P2-5
Added Pin To Net: NetName=VCC Pin=R1-2
Added Pin To Net: NetName=VCC Pin=R2-2
Added Pin To Net: NetName=VCC Pin=R3-2
Added Pin To Net: NetName=VCC Pin=R5-2
Added Pin To Net: NetName=VCC Pin=R5-3
Added Pin To Net: NetName=VCC Pin=R6-2
Added Pin To Net: NetName=VCC Pin=U1-14
Added Pin To Net: NetName=VCC Pin=U2-4
Added Pin To Net: NetName=VCC Pin=U2-14
Added Pin To Net: NetName=VCC Pin=U3-7
Added Pin To Net: NetName=VCC Pin=U3-9
Added Pin To Net: NetName=VCC Pin=U3-10
Added Pin To Net: NetName=VCC Pin=U3-16
Added Pin To Net: NetName=VCC Pin=U4-20
Added Pin To Net: NetName=VCC Pin=U5-3
Added Pin To Net: NetName=VCC Pin=U5-4
Added Pin To Net: NetName=VCC Pin=U5-5
Added Pin To Net: NetName=VCC Pin=U5-16
Added Pin To Net: NetName=VCC Pin=U6-3
Added Pin To Net: NetName=VCC Pin=U6-4
Added Pin To Net: NetName=VCC Pin=U6-5
Added Pin To Net: NetName=VCC Pin=U6-16
Added Pin To Net: NetName=VCC Pin=U7-3
Added Pin To Net: NetName=VCC Pin=U7-4
Added Pin To Net: NetName=VCC Pin=U7-5
Added Pin To Net: NetName=VCC Pin=U7-16
Added Pin To Net: NetName=VCC Pin=U8-7
Added Pin To Net: NetName=VCC Pin=U8-9
Added Pin To Net: NetName=VCC Pin=U8-10
Added Pin To Net: NetName=VCC Pin=U8-16
Added Pin To Net: NetName=VCC Pin=U9-20
Added Pin To Net: NetName=VCC Pin=U10-14
Added Pin To Net: NetName=VCC Pin=U11-16
Added Pin To Net: NetName=VCC Pin=U12-7
Added Pin To Net: NetName=VCC Pin=U12-9
Added Pin To Net: NetName=VCC Pin=U12-10
Added Pin To Net: NetName=VCC Pin=U12-16
Added Pin To Net: NetName=VCC Pin=U13-4
Added Pin To Net: NetName=VCC Pin=U13-8
Added Pin To Net: NetName=VCC Pin=U14-4
Added Pin To Net: NetName=VCC Pin=U14-8
Added Net: Name=VCC
Added Class: Name=distance
Added Room: Name=distance
