Removed Pin From Net: NetName=NetKG1_6 Pin=KG1-6
Removed Pin From Net: NetName=VCC Pin=R1-2
Removed Pin From Net: NetName=VCC Pin=R2-2
Removed Pin From Net: NetName=VCC Pin=R3-2
Removed Pin From Net: NetName=NetKG1_6 Pin=R4-2
Removed Pin From Net: NetName=NetKG1_6 Pin=R13-2
Removed Pin From Net: NetName=NetKG1_6 Pin=U4-1
Removed Pin From Net: NetName=GND Pin=U4-11
Removed Pin From Net: NetName=NetKG1_6 Pin=U9-1
Removed Pin From Net: NetName=GND Pin=U9-11
Added Component: Designator=Q1(TO92)
Add component. Clean all parameters for all variants
Added Component: Designator=Q2(TO92)
Add component. Clean all parameters for all variants
Added Component: Designator=R14(AXIAL0.4)
Add component. Clean all parameters for all variants
Added Component: Designator=R15(AXIAL0.4)
Add component. Clean all parameters for all variants
Added Pin To Net: NetName=NetKG1_6 Pin=Q1-1
Added Pin To Net: NetName=GND Pin=Q1-2
Added Pin To Net: NetName=VCC Pin=Q2-1
Added Pin To Net: NetName=NetKG1_6 Pin=Q2-3
Added Pin To Net: NetName=GND Pin=R4-2
Added Pin To Net: NetName=NetKG1_6 Pin=R14-1
Added Pin To Net: NetName=VCC Pin=R14-2
Added Pin To Net: NetName=GND Pin=U4-1
Added Pin To Net: NetName=GND Pin=U9-1
Change Net Name : Old Net Name=NetKG1_6 New Net Name=NetQ1_1
Added Pin To Net: NetName=DisCtrl Pin=KG1-6
Added Pin To Net: NetName=DisCtrl Pin=R13-2
Added Pin To Net: NetName=DisCtrl Pin=R15-1
Added Pin To Net: NetName=DisCtrl Pin=U4-11
Added Pin To Net: NetName=DisCtrl Pin=U9-11
Added Net: Name=DisCtrl
Added Pin To Net: NetName=NetQ1_3 Pin=Q1-3
Added Pin To Net: NetName=NetQ1_3 Pin=R15-2
Added Net: Name=NetQ1_3
Added Pin To Net: NetName=NetQ2_2 Pin=Q2-2
Added Pin To Net: NetName=NetQ2_2 Pin=R1-2
Added Pin To Net: NetName=NetQ2_2 Pin=R2-2
Added Pin To Net: NetName=NetQ2_2 Pin=R3-2
Added Net: Name=NetQ2_2
Added Member To Class: ClassName=distance Member=Component Q1 NPN
Added Member To Class: ClassName=distance Member=Component Q2 NPN
Added Member To Class: ClassName=distance Member=Component R14 RES
Added Member To Class: ClassName=distance Member=Component R15 RES
Added Room: Name=distance
